<?xml version="1.0" encoding="UTF-8"?>
<!-- Generated by org.testng.reporters.JUnitReportReporter -->
<testsuite hostname="Mahi" failures="0" tests="5" name="com.Mahidhar_TestNG.Mahidhar1" time="0.011" errors="0" timestamp="2023-02-01T14:44:40 IST" skipped="0">
  <testcase classname="com.Mahidhar_TestNG.Mahidhar1" name="login" time="0.000"/>
  <system-out/>
  <testcase classname="com.Mahidhar_TestNG.Mahidhar1" name="logout" time="0.001"/>
  <system-out/>
  <testcase classname="com.Mahidhar_TestNG.Mahidhar1" name="Senddata" time="0.002"/>
  <system-out/>
  <testcase classname="com.Mahidhar_TestNG.Mahidhar1" name="Search_bar" time="0.007"/>
  <system-out/>
  <testcase classname="com.Mahidhar_TestNG.Mahidhar1" name="click_element" time="0.001"/>
  <system-out/>
</testsuite> <!-- com.Mahidhar_TestNG.Mahidhar1 -->
