<?xml version="1.0" encoding="UTF-8"?>
<!-- Generated by org.testng.reporters.JUnitReportReporter -->
<testsuite hostname="Mahi" failures="0" tests="4" name="com.Mahidhar_TestNG.Befor_test_AnnotationTest" time="0.004" errors="0" timestamp="2023-02-01T14:44:40 IST" skipped="0">
  <testcase classname="com.Mahidhar_TestNG.Befor_test_AnnotationTest" name="Search_bar" time="0.002"/>
  <system-out/>
  <testcase classname="com.Mahidhar_TestNG.Befor_test_AnnotationTest" name="logout" time="0.001"/>
  <system-out/>
  <testcase classname="com.Mahidhar_TestNG.Befor_test_AnnotationTest" name="login" time="0.001"/>
  <system-out/>
  <testcase classname="com.Mahidhar_TestNG.Befor_test_AnnotationTest" name="Senddata" time="0.000"/>
  <system-out/>
</testsuite> <!-- com.Mahidhar_TestNG.Befor_test_AnnotationTest -->
