<?xml version="1.0" encoding="UTF-8"?>
<!-- Generated by org.testng.reporters.JUnitReportReporter -->
<testsuite hostname="Mahi" failures="0" tests="3" name="com.Mahidhar_TestNG.After_method" time="0.005" errors="0" timestamp="2023-02-01T14:44:40 IST" skipped="0">
  <testcase classname="com.Mahidhar_TestNG.After_method" name="Search_bar" time="0.001"/>
  <system-out/>
  <testcase classname="com.Mahidhar_TestNG.After_method" name="click_element" time="0.001"/>
  <system-out/>
  <testcase classname="com.Mahidhar_TestNG.After_method" name="Senddata" time="0.003"/>
  <system-out/>
</testsuite> <!-- com.Mahidhar_TestNG.After_method -->
